<?xml version="1.0" encoding="UTF-8"?>
<!-- Generated by org.testng.reporters.JUnitXMLReporter -->
<testsuite hostname="PC378359" ignored="0" name="bowling bday hoem page flow" tests="13" failures="1" timestamp="11 Feb 2019 12:17:04 GMT" time="76.025" errors="0">
  <testcase name="@BeforeClass launchdriver" time="12.964" classname="Common_testing_problems.Regression_checklist_UAT">
    <failure type="org.apache.poi.openxml4j.exceptions.NotOfficeXmlFileException" message="No valid entries or contents found, this is not a valid OOXML (Office Open XML) file">
      <![CDATA[org.apache.poi.openxml4j.exceptions.NotOfficeXmlFileException: No valid entries or contents found, this is not a valid OOXML (Office Open XML) file
at org.apache.poi.openxml4j.opc.ZipPackage.getPartsImpl(ZipPackage.java:286)
at org.apache.poi.openxml4j.opc.OPCPackage.getParts(OPCPackage.java:756)
at org.apache.poi.openxml4j.opc.OPCPackage.open(OPCPackage.java:327)
at org.apache.poi.util.PackageHelper.open(PackageHelper.java:37)
at org.apache.poi.xssf.usermodel.XSSFWorkbook.<init>(XSSFWorkbook.java:295)
at excelconnect.excelconnect.eLaunch(excelconnect.java:22)
at Common_testing_problems.Regression_checklist_UAT.launchdriver(Regression_checklist_UAT.java:75)
at java.util.concurrent.ThreadPoolExecutor.runWorker(Unknown Source)
at java.util.concurrent.ThreadPoolExecutor$Worker.run(Unknown Source)
at java.lang.Thread.run(Unknown Source)
... Removed 11 stack frames]]>
    </failure>
  </testcase> <!-- @BeforeClass launchdriver -->
  <testcase name="@AfterClass driverClose" time="0.0" classname="Common_testing_problems.Regression_checklist_UAT">
    <skipped/>
  </testcase> <!-- @AfterClass driverClose -->
  <testcase name="popupclose" time="0.0" classname="Common_testing_problems.Regression_checklist_UAT">
    <skipped/>
  </testcase> <!-- popupclose -->
  <testcase name="verify_bowling_navigation_functionality" time="0.0" classname="Common_testing_problems.Regression_checklist_UAT">
    <skipped/>
  </testcase> <!-- verify_bowling_navigation_functionality -->
  <testcase name="verify_bowling_lane_page_heading_validations" time="0.0" classname="Common_testing_problems.Regression_checklist_UAT">
    <skipped/>
  </testcase> <!-- verify_bowling_lane_page_heading_validations -->
  <testcase name="verify_location_search" time="0.0" classname="Common_testing_problems.Regression_checklist_UAT">
    <skipped/>
  </testcase> <!-- verify_location_search -->
  <testcase name="verify_select_time_page" time="0.0" classname="Common_testing_problems.Regression_checklist_UAT">
    <skipped/>
  </testcase> <!-- verify_select_time_page -->
  <testcase name="verify_ordersummary_page" time="0.0" classname="Common_testing_problems.Regression_checklist_UAT">
    <skipped/>
  </testcase> <!-- verify_ordersummary_page -->
  <testcase name="verify_cart_page" time="0.0" classname="Common_testing_problems.Regression_checklist_UAT">
    <skipped/>
  </testcase> <!-- verify_cart_page -->
  <testcase name="popupclose" time="15.372" classname="Common_testing_problems.Regression_checklist_birthday_flow"/>
  <testcase name="verify_birthday_navigation_functionality" time="4.27" classname="Common_testing_problems.Regression_checklist_birthday_flow">
    <failure type="org.openqa.selenium.WebDriverException" message="unknown error: Element &amp;lt;a class=&amp;quot;navbar-brand header-logo hidden-xs&amp;quot; ui-sref=&amp;quot;/&amp;quot; ui-sref-opts=&amp;quot;{reload: true, notify: true}&amp;quot; data-ng-click=&amp;quot;removeFixedBody()&amp;quot; id=&amp;quot;maineventlogo&amp;quot; href=&amp;quot;/&amp;quot;&amp;gt;...&amp;lt;/a&amp;gt; is not clickable at point (123, 47). Other element would receive the click: &amp;lt;div id=&amp;quot;onesignal-popover-container&amp;quot; class=&amp;quot;onesignal-popover-container onesignal-reset slide-down&amp;quot;&amp;gt;...&amp;lt;/div&amp;gt;
  (Session info: chrome=70.0.3538.67)
  (Driver info: chromedriver=2.38.552522 (437e6fbedfa8762dec75e2c5b3ddb86763dc9dcb),platform=Windows NT 10.0.15063 x86_64) (WARNING: The server did not provide any stacktrace information)
Command duration or timeout: 82 milliseconds
Build info: version: &amp;apos;unknown&amp;apos;, revision: &amp;apos;8c03df6&amp;apos;, time: &amp;apos;2017-03-02 09:30:17 -0800&amp;apos;
System info: host: &amp;apos;PC378359&amp;apos;, ip: &amp;apos;10.227.10.20&amp;apos;, os.name: &amp;apos;Windows 10&amp;apos;, os.arch: &amp;apos;amd64&amp;apos;, os.version: &amp;apos;10.0&amp;apos;, java.version: &amp;apos;1.8.0_201&amp;apos;
Driver info: org.openqa.selenium.chrome.ChromeDriver
Capabilities [{applicationCacheEnabled=false, rotatable=false, mobileEmulationEnabled=false, networkConnectionEnabled=false, chrome={chromedriverVersion=2.38.552522 (437e6fbedfa8762dec75e2c5b3ddb86763dc9dcb), userDataDir=C:\Users\698531\AppData\Local\Temp\scoped_dir27812_19469}, takesHeapSnapshot=true, pageLoadStrategy=normal, databaseEnabled=false, handlesAlerts=true, hasTouchScreen=false, version=70.0.3538.67, platform=XP, browserConnectionEnabled=false, nativeEvents=true, acceptSslCerts=false, acceptInsecureCerts=false, locationContextEnabled=true, webStorageEnabled=true, browserName=chrome, takesScreenshot=true, javascriptEnabled=true, cssSelectorsEnabled=true, setWindowRect=true, unexpectedAlertBehaviour=}]
Session ID: 3e587c207ecbdc94e09e287c35c39b6e">
      <![CDATA[org.openqa.selenium.WebDriverException: unknown error: Element <a class="navbar-brand header-logo hidden-xs" ui-sref="/" ui-sref-opts="{reload: true, notify: true}" data-ng-click="removeFixedBody()" id="maineventlogo" href="/">...</a> is not clickable at point (123, 47). Other element would receive the click: <div id="onesignal-popover-container" class="onesignal-popover-container onesignal-reset slide-down">...</div>
  (Session info: chrome=70.0.3538.67)
  (Driver info: chromedriver=2.38.552522 (437e6fbedfa8762dec75e2c5b3ddb86763dc9dcb),platform=Windows NT 10.0.15063 x86_64) (WARNING: The server did not provide any stacktrace information)
Command duration or timeout: 82 milliseconds
Build info: version: 'unknown', revision: '8c03df6', time: '2017-03-02 09:30:17 -0800'
System info: host: 'PC378359', ip: '10.227.10.20', os.name: 'Windows 10', os.arch: 'amd64', os.version: '10.0', java.version: '1.8.0_201'
Driver info: org.openqa.selenium.chrome.ChromeDriver
Capabilities [{applicationCacheEnabled=false, rotatable=false, mobileEmulationEnabled=false, networkConnectionEnabled=false, chrome={chromedriverVersion=2.38.552522 (437e6fbedfa8762dec75e2c5b3ddb86763dc9dcb), userDataDir=C:\Users\698531\AppData\Local\Temp\scoped_dir27812_19469}, takesHeapSnapshot=true, pageLoadStrategy=normal, databaseEnabled=false, handlesAlerts=true, hasTouchScreen=false, version=70.0.3538.67, platform=XP, browserConnectionEnabled=false, nativeEvents=true, acceptSslCerts=false, acceptInsecureCerts=false, locationContextEnabled=true, webStorageEnabled=true, browserName=chrome, takesScreenshot=true, javascriptEnabled=true, cssSelectorsEnabled=true, setWindowRect=true, unexpectedAlertBehaviour=}]
Session ID: 3e587c207ecbdc94e09e287c35c39b6e
at org.openqa.selenium.remote.ErrorHandler.createThrowable(ErrorHandler.java:216)
at org.openqa.selenium.remote.ErrorHandler.throwIfResponseFailed(ErrorHandler.java:168)
at org.openqa.selenium.remote.RemoteWebDriver.execute(RemoteWebDriver.java:638)
at org.openqa.selenium.remote.RemoteWebElement.execute(RemoteWebElement.java:274)
at org.openqa.selenium.remote.RemoteWebElement.click(RemoteWebElement.java:84)
at Birthday_common_flow.Birthday_book_bttn_verify.verify_birthday_book_bttn(Birthday_book_bttn_verify.java:35)
at Common_testing_problems.Regression_checklist_birthday_flow.verify_birthday_navigation_functionality(Regression_checklist_birthday_flow.java:94)
at java.util.concurrent.ThreadPoolExecutor.runWorker(Unknown Source)
at java.util.concurrent.ThreadPoolExecutor$Worker.run(Unknown Source)
at java.lang.Thread.run(Unknown Source)
... Removed 14 stack frames]]>
    </failure>
  </testcase> <!-- verify_birthday_navigation_functionality -->
  <testcase name="verify_search_location_page" time="0.0" classname="Common_testing_problems.Regression_checklist_birthday_flow">
    <skipped/>
  </testcase> <!-- verify_search_location_page -->
  <testcase name="verify_search_location_fill_validation_and_navigation" time="0.0" classname="Common_testing_problems.Regression_checklist_birthday_flow">
    <skipped/>
  </testcase> <!-- verify_search_location_fill_validation_and_navigation -->
  <testcase name="verify_select_package_page" time="0.0" classname="Common_testing_problems.Regression_checklist_birthday_flow">
    <skipped/>
  </testcase> <!-- verify_select_package_page -->
  <testcase name="verify_config_package" time="0.0" classname="Common_testing_problems.Regression_checklist_birthday_flow">
    <skipped/>
  </testcase> <!-- verify_config_package -->
</testsuite> <!-- bowling bday hoem page flow -->
