<?xml version="1.0" encoding="UTF-8"?>
<!-- Generated by org.testng.reporters.JUnitXMLReporter -->
<testsuite hostname="PC378359" ignored="0" name="bowling home page flow" tests="14" failures="1" timestamp="20 Feb 2019 10:27:27 GMT" time="174.16" errors="0">
  <testcase name="popupclose" time="13.746" classname="Common_testing_problems.Regression_checklist_UAT"/>
  <testcase name="popupclose" time="12.715" classname="Common_testing_problems.Regression_checklist_birthday_flow"/>
  <testcase name="verify_bowling_navigation_functionality" time="11.625" classname="Common_testing_problems.Regression_checklist_UAT"/>
  <testcase name="verify_birthday_navigation_functionality" time="10.269" classname="Common_testing_problems.Regression_checklist_birthday_flow"/>
  <testcase name="verify_bowling_lane_page_heading_validations" time="1.72" classname="Common_testing_problems.Regression_checklist_UAT"/>
  <testcase name="verify_search_location_page" time="13.982" classname="Common_testing_problems.Regression_checklist_birthday_flow"/>
  <testcase name="verify_location_search" time="43.366" classname="Common_testing_problems.Regression_checklist_UAT"/>
  <testcase name="verify_search_location_fill_validation_and_navigation" time="30.69" classname="Common_testing_problems.Regression_checklist_birthday_flow"/>
  <testcase name="verify_select_package_page" time="0.0" classname="Common_testing_problems.Regression_checklist_birthday_flow">
    <failure type="org.apache.poi.openxml4j.exceptions.NotOfficeXmlFileException" message="No valid entries or contents found, this is not a valid OOXML (Office Open XML) file">
      <![CDATA[org.apache.poi.openxml4j.exceptions.NotOfficeXmlFileException: No valid entries or contents found, this is not a valid OOXML (Office Open XML) file
at org.apache.poi.openxml4j.opc.ZipPackage.getPartsImpl(ZipPackage.java:286)
at org.apache.poi.openxml4j.opc.OPCPackage.getParts(OPCPackage.java:756)
at org.apache.poi.openxml4j.opc.OPCPackage.open(OPCPackage.java:327)
at org.apache.poi.util.PackageHelper.open(PackageHelper.java:37)
at org.apache.poi.xssf.usermodel.XSSFWorkbook.<init>(XSSFWorkbook.java:295)
at excelconnect.excelconnect.eLaunch(excelconnect.java:22)
at Birthday_common_flow.Select_package_page_validations.verify_select_package_page(Select_package_page_validations.java:30)
at Common_testing_problems.Regression_checklist_birthday_flow.verify_select_package_page(Regression_checklist_birthday_flow.java:115)
at java.util.concurrent.ThreadPoolExecutor.runWorker(Unknown Source)
at java.util.concurrent.ThreadPoolExecutor$Worker.run(Unknown Source)
at java.lang.Thread.run(Unknown Source)
... Removed 10 stack frames]]>
    </failure>
  </testcase> <!-- verify_select_package_page -->
  <testcase name="verify_config_package" time="0.0" classname="Common_testing_problems.Regression_checklist_birthday_flow">
    <skipped/>
  </testcase> <!-- verify_config_package -->
  <testcase name="verify_select_party_time_popup" time="0.0" classname="Common_testing_problems.Regression_checklist_birthday_flow">
    <skipped/>
  </testcase> <!-- verify_select_party_time_popup -->
  <testcase name="verify_select_time_page" time="14.192" classname="Common_testing_problems.Regression_checklist_UAT"/>
  <testcase name="verify_ordersummary_page" time="51.511" classname="Common_testing_problems.Regression_checklist_UAT"/>
  <testcase name="verify_cart_page" time="23.568" classname="Common_testing_problems.Regression_checklist_UAT"/>
</testsuite> <!-- bowling home page flow -->
