<?xml version="1.0" encoding="UTF-8"?>
<!-- Generated by org.testng.reporters.JUnitXMLReporter -->
<testsuite hostname="PC378359" ignored="6" name="Nopackage" tests="5" failures="1" timestamp="10 Sep 2018 09:38:28 GMT" time="58.614" errors="0">
  <testcase name="verifypopupclose" time="9.153" classname="test_automation_login.org.CognizantQA.MErun.Birthday_booking_landingpage_validations_production"/>
  <testcase name="verify_birthday_book_bttn" time="0.309" classname="test_automation_login.org.CognizantQA.MErun.Birthday_booking_landingpage_validations_production"/>
  <testcase name="verifybook_birthday_page_by_click" time="6.644" classname="test_automation_login.org.CognizantQA.MErun.Birthday_booking_flow_production">
    <failure type="java.lang.AssertionError" message="expected [true] but found [false]">
      <![CDATA[java.lang.AssertionError: expected [true] but found [false]
at test_automation_login.org.CognizantQA.MErun.Birthday_booking_flow_production.verifybook_birthday_page_by_click(Birthday_booking_flow_production.java:54)
... Removed 29 stack frames]]>
    </failure>
  </testcase> <!-- verifybook_birthday_page_by_click -->
  <testcase name="verifystorepopup_close" time="0.0" classname="test_automation_login.org.CognizantQA.MErun.Birthday_booking_flow_production">
    <skipped/>
  </testcase> <!-- verifystorepopup_close -->
  <testcase name="verifybday_page_by_keyboard" time="0.0" classname="test_automation_login.org.CognizantQA.MErun.Birthday_booking_flow_production">
    <skipped/>
  </testcase> <!-- verifybday_page_by_keyboard -->
  <testcase name="verifystore_popup" time="0.0" classname="test_automation_login.org.CognizantQA.MErun.Birthday_booking_flow_production">
    <ignored/>
  </testcase> <!-- verifystore_popup -->
  <testcase name="verify_select_package_page" time="0.0" classname="test_automation_login.org.CognizantQA.MErun.Birthday_booking_flow_production">
    <ignored/>
  </testcase> <!-- verify_select_package_page -->
  <testcase name="verifystore_popupmapviewflow" time="0.0" classname="test_automation_login.org.CognizantQA.MErun.Birthday_booking_flow_production">
    <ignored/>
  </testcase> <!-- verifystore_popupmapviewflow -->
  <testcase name="verifypopupclose" time="0.0" classname="test_automation_login.org.CognizantQA.MErun.Birthday_booking_landingpage_validations_production">
    <ignored/>
  </testcase> <!-- verifypopupclose -->
  <testcase name="verify_birthday_book_bttn" time="0.0" classname="test_automation_login.org.CognizantQA.MErun.Birthday_booking_landingpage_validations_production">
    <ignored/>
  </testcase> <!-- verify_birthday_book_bttn -->
  <testcase name="verify_guest_count_popup" time="0.0" classname="test_automation_login.org.CognizantQA.MErun.Birthday_booking_flow_production">
    <ignored/>
  </testcase> <!-- verify_guest_count_popup -->
</testsuite> <!-- Nopackage -->
