<?xml version="1.0" encoding="UTF-8"?>
<!-- Generated by org.testng.reporters.JUnitReportReporter -->
<testsuite skipped="9" hostname="PC378359" name="test_automation_login.org.CognizantQA.MErun.Bowling_flow_UAT" tests="12" failures="0" timestamp="14 Jan 2019 10:52:18 GMT" time="59.592" errors="1">
  <testcase name="verify_order_summary_page" time="0.000" classname="test_automation_login.org.CognizantQA.MErun.Bowling_flow_UAT">
    <skipped/>
  </testcase> <!-- verify_order_summary_page -->
  <testcase name="location_search_validations" time="0.000" classname="test_automation_login.org.CognizantQA.MErun.Bowling_flow_UAT">
    <skipped/>
  </testcase> <!-- location_search_validations -->
  <testcase name="verify_select_time_page" time="0.000" classname="test_automation_login.org.CognizantQA.MErun.Bowling_flow_UAT">
    <skipped/>
  </testcase> <!-- verify_select_time_page -->
  <testcase name="find_a_lane_page_heading_validations" time="0.000" classname="test_automation_login.org.CognizantQA.MErun.Bowling_flow_UAT">
    <skipped/>
  </testcase> <!-- find_a_lane_page_heading_validations -->
  <testcase name="verify_cart_page" time="0.000" classname="test_automation_login.org.CognizantQA.MErun.Bowling_flow_UAT">
    <skipped/>
  </testcase> <!-- verify_cart_page -->
  <testcase name="verify_chk_out_reg_page" time="0.000" classname="test_automation_login.org.CognizantQA.MErun.Bowling_flow_UAT">
    <skipped/>
  </testcase> <!-- verify_chk_out_reg_page -->
  <testcase name="verify_payment_page" time="0.000" classname="test_automation_login.org.CognizantQA.MErun.Bowling_flow_UAT">
    <skipped/>
  </testcase> <!-- verify_payment_page -->
  <testcase name="store_popup_validations" time="0.000" classname="test_automation_login.org.CognizantQA.MErun.Bowling_flow_UAT">
    <skipped/>
  </testcase> <!-- store_popup_validations -->
  <testcase name="popupclose" time="16.334" classname="test_automation_login.org.CognizantQA.MErun.Bowling_flow_UAT"/>
  <testcase name="verify_bowling_reserve_bttn_functionality" time="13.104" classname="test_automation_login.org.CognizantQA.MErun.Bowling_flow_UAT">
    <error type="org.openqa.selenium.NoSuchElementException" message="no such element: Unable to locate element: {&quot;method&quot;:&quot;xpath&quot;,&quot;selector&quot;:&quot;//input[@value=&#039;RESERVE&#039;]&quot;}
  (Session info: chrome=67.0.3396.79)
  (Driver info: chromedriver=2.38.552522 (437e6fbedfa8762dec75e2c5b3ddb86763dc9dcb),platform=Windows NT 10.0.15063 x86_64) (WARNING: The server did not provide any stacktrace information)
Command duration or timeout: 10.10 seconds
For documentation on this error, please visit: http://seleniumhq.org/exceptions/no_such_element.html
Build info: version: &#039;unknown&#039;, revision: &#039;8c03df6&#039;, time: &#039;2017-03-02 09:30:17 -0800&#039;
System info: host: &#039;PC378359&#039;, ip: &#039;10.227.10.20&#039;, os.name: &#039;Windows 10&#039;, os.arch: &#039;amd64&#039;, os.version: &#039;10.0&#039;, java.version: &#039;1.8.0_191&#039;
Driver info: org.openqa.selenium.chrome.ChromeDriver
Capabilities [{applicationCacheEnabled=false, rotatable=false, mobileEmulationEnabled=false, networkConnectionEnabled=false, chrome={chromedriverVersion=2.38.552522 (437e6fbedfa8762dec75e2c5b3ddb86763dc9dcb), userDataDir=C:\Users\698531\AppData\Local\Temp\scoped_dir10136_25015}, takesHeapSnapshot=true, pageLoadStrategy=normal, databaseEnabled=false, handlesAlerts=true, hasTouchScreen=false, version=67.0.3396.79, platform=XP, browserConnectionEnabled=false, nativeEvents=true, acceptSslCerts=false, acceptInsecureCerts=false, locationContextEnabled=true, webStorageEnabled=true, browserName=chrome, takesScreenshot=true, javascriptEnabled=true, cssSelectorsEnabled=true, setWindowRect=true, unexpectedAlertBehaviour=}]
Session ID: 7f6acafe4f51740ed242d315c2b30ae2
*** Element info: {Using=xpath, value=//input[@value=&#039;RESERVE&#039;]}">
      <![CDATA[org.openqa.selenium.NoSuchElementException: no such element: Unable to locate element: {"method":"xpath","selector":"//input[@value='RESERVE']"}
  (Session info: chrome=67.0.3396.79)
  (Driver info: chromedriver=2.38.552522 (437e6fbedfa8762dec75e2c5b3ddb86763dc9dcb),platform=Windows NT 10.0.15063 x86_64) (WARNING: The server did not provide any stacktrace information)
Command duration or timeout: 10.10 seconds
For documentation on this error, please visit: http://seleniumhq.org/exceptions/no_such_element.html
Build info: version: 'unknown', revision: '8c03df6', time: '2017-03-02 09:30:17 -0800'
System info: host: 'PC378359', ip: '10.227.10.20', os.name: 'Windows 10', os.arch: 'amd64', os.version: '10.0', java.version: '1.8.0_191'
Driver info: org.openqa.selenium.chrome.ChromeDriver
Capabilities [{applicationCacheEnabled=false, rotatable=false, mobileEmulationEnabled=false, networkConnectionEnabled=false, chrome={chromedriverVersion=2.38.552522 (437e6fbedfa8762dec75e2c5b3ddb86763dc9dcb), userDataDir=C:\Users\698531\AppData\Local\Temp\scoped_dir10136_25015}, takesHeapSnapshot=true, pageLoadStrategy=normal, databaseEnabled=false, handlesAlerts=true, hasTouchScreen=false, version=67.0.3396.79, platform=XP, browserConnectionEnabled=false, nativeEvents=true, acceptSslCerts=false, acceptInsecureCerts=false, locationContextEnabled=true, webStorageEnabled=true, browserName=chrome, takesScreenshot=true, javascriptEnabled=true, cssSelectorsEnabled=true, setWindowRect=true, unexpectedAlertBehaviour=}]
Session ID: 7f6acafe4f51740ed242d315c2b30ae2
*** Element info: {Using=xpath, value=//input[@value='RESERVE']}
at sun.reflect.NativeConstructorAccessorImpl.newInstance0(Native Method)
at sun.reflect.NativeConstructorAccessorImpl.newInstance(Unknown Source)
at sun.reflect.DelegatingConstructorAccessorImpl.newInstance(Unknown Source)
at java.lang.reflect.Constructor.newInstance(Unknown Source)
at org.openqa.selenium.remote.ErrorHandler.createThrowable(ErrorHandler.java:216)
at org.openqa.selenium.remote.ErrorHandler.throwIfResponseFailed(ErrorHandler.java:168)
at org.openqa.selenium.remote.RemoteWebDriver.execute(RemoteWebDriver.java:638)
at org.openqa.selenium.remote.RemoteWebDriver.findElement(RemoteWebDriver.java:371)
at org.openqa.selenium.remote.RemoteWebDriver.findElementByXPath(RemoteWebDriver.java:476)
at org.openqa.selenium.By$ByXPath.findElement(By.java:361)
at org.openqa.selenium.remote.RemoteWebDriver.findElement(RemoteWebDriver.java:363)
at Bowling_common_flow.Bowling_reserve_bttn.verifyreserve_bttn(Bowling_reserve_bttn.java:27)
at test_automation_login.org.CognizantQA.MErun.Bowling_flow_UAT.verify_bowling_reserve_bttn_functionality(Bowling_flow_UAT.java:82)
at sun.reflect.NativeMethodAccessorImpl.invoke0(Native Method)
at sun.reflect.NativeMethodAccessorImpl.invoke(Unknown Source)
at sun.reflect.DelegatingMethodAccessorImpl.invoke(Unknown Source)
at java.lang.reflect.Method.invoke(Unknown Source)
at org.testng.internal.MethodInvocationHelper.invokeMethod(MethodInvocationHelper.java:124)
at org.testng.internal.Invoker.invokeMethod(Invoker.java:580)
at org.testng.internal.Invoker.invokeTestMethod(Invoker.java:716)
at org.testng.internal.Invoker.invokeTestMethods(Invoker.java:988)
at org.testng.internal.TestMethodWorker.invokeTestMethods(TestMethodWorker.java:125)
at org.testng.internal.TestMethodWorker.run(TestMethodWorker.java:109)
at org.testng.TestRunner.privateRun(TestRunner.java:648)
at org.testng.TestRunner.run(TestRunner.java:505)
at org.testng.SuiteRunner.runTest(SuiteRunner.java:455)
at org.testng.SuiteRunner.runSequentially(SuiteRunner.java:450)
at org.testng.SuiteRunner.privateRun(SuiteRunner.java:415)
at org.testng.SuiteRunner.run(SuiteRunner.java:364)
at org.testng.SuiteRunnerWorker.runSuite(SuiteRunnerWorker.java:52)
at org.testng.SuiteRunnerWorker.run(SuiteRunnerWorker.java:84)
at org.testng.TestNG.runSuitesSequentially(TestNG.java:1208)
at org.testng.TestNG.runSuitesLocally(TestNG.java:1137)
at org.testng.TestNG.runSuites(TestNG.java:1049)
at org.testng.TestNG.run(TestNG.java:1017)
at org.testng.remote.AbstractRemoteTestNG.run(AbstractRemoteTestNG.java:114)
at org.testng.remote.RemoteTestNG.initAndRun(RemoteTestNG.java:251)
at org.testng.remote.RemoteTestNG.main(RemoteTestNG.java:77)
]]>
    </error>
  </testcase> <!-- verify_bowling_reserve_bttn_functionality -->
  <testcase name="verify_confirmation_page" time="0.000" classname="test_automation_login.org.CognizantQA.MErun.Bowling_flow_UAT">
    <skipped/>
  </testcase> <!-- verify_confirmation_page -->
  <testcase name="Online_booking_popup_close" time="30.154" classname="test_automation_login.org.CognizantQA.MErun.Bowling_flow_UAT"/>
</testsuite> <!-- test_automation_login.org.CognizantQA.MErun.Bowling_flow_UAT -->
