<?xml version="1.0" encoding="UTF-8"?>
<!-- Generated by org.testng.reporters.JUnitReportReporter -->
<testsuite skipped="13" hostname="PC378359" name="test_automation_login.org.CognizantQA.MErun.Registration_flow_production" tests="14" failures="0" timestamp="30 Oct 2018 07:59:52 GMT" time="14.078" errors="1">
  <testcase name="verifypopupclose" time="14.078" classname="test_automation_login.org.CognizantQA.MErun.Registration_flow_production">
    <error type="org.openqa.selenium.NoSuchElementException" message="no such element: Unable to locate element: {&quot;method&quot;:&quot;css selector&quot;,&quot;selector&quot;:&quot;#onesignal-popover-cancel-button&quot;}
  (Session info: chrome=67.0.3396.79)
  (Driver info: chromedriver=2.38.552522 (437e6fbedfa8762dec75e2c5b3ddb86763dc9dcb),platform=Windows NT 10.0.15063 x86_64) (WARNING: The server did not provide any stacktrace information)
Command duration or timeout: 10.05 seconds
For documentation on this error, please visit: http://seleniumhq.org/exceptions/no_such_element.html
Build info: version: &#039;unknown&#039;, revision: &#039;8c03df6&#039;, time: &#039;2017-03-02 09:30:17 -0800&#039;
System info: host: &#039;PC378359&#039;, ip: &#039;10.227.10.20&#039;, os.name: &#039;Windows 10&#039;, os.arch: &#039;amd64&#039;, os.version: &#039;10.0&#039;, java.version: &#039;1.8.0_181&#039;
Driver info: org.openqa.selenium.chrome.ChromeDriver
Capabilities [{applicationCacheEnabled=false, rotatable=false, mobileEmulationEnabled=false, networkConnectionEnabled=false, chrome={chromedriverVersion=2.38.552522 (437e6fbedfa8762dec75e2c5b3ddb86763dc9dcb), userDataDir=C:\Users\698531\AppData\Local\Temp\scoped_dir10468_5371}, takesHeapSnapshot=true, pageLoadStrategy=normal, databaseEnabled=false, handlesAlerts=true, hasTouchScreen=false, version=67.0.3396.79, platform=XP, browserConnectionEnabled=false, nativeEvents=true, acceptSslCerts=false, acceptInsecureCerts=false, locationContextEnabled=true, webStorageEnabled=true, browserName=chrome, takesScreenshot=true, javascriptEnabled=true, cssSelectorsEnabled=true, setWindowRect=true, unexpectedAlertBehaviour=}]
Session ID: 028557d9446e390d273f36f64ab843e5
*** Element info: {Using=css selector, value=#onesignal-popover-cancel-button}">
      <![CDATA[org.openqa.selenium.NoSuchElementException: no such element: Unable to locate element: {"method":"css selector","selector":"#onesignal-popover-cancel-button"}
  (Session info: chrome=67.0.3396.79)
  (Driver info: chromedriver=2.38.552522 (437e6fbedfa8762dec75e2c5b3ddb86763dc9dcb),platform=Windows NT 10.0.15063 x86_64) (WARNING: The server did not provide any stacktrace information)
Command duration or timeout: 10.05 seconds
For documentation on this error, please visit: http://seleniumhq.org/exceptions/no_such_element.html
Build info: version: 'unknown', revision: '8c03df6', time: '2017-03-02 09:30:17 -0800'
System info: host: 'PC378359', ip: '10.227.10.20', os.name: 'Windows 10', os.arch: 'amd64', os.version: '10.0', java.version: '1.8.0_181'
Driver info: org.openqa.selenium.chrome.ChromeDriver
Capabilities [{applicationCacheEnabled=false, rotatable=false, mobileEmulationEnabled=false, networkConnectionEnabled=false, chrome={chromedriverVersion=2.38.552522 (437e6fbedfa8762dec75e2c5b3ddb86763dc9dcb), userDataDir=C:\Users\698531\AppData\Local\Temp\scoped_dir10468_5371}, takesHeapSnapshot=true, pageLoadStrategy=normal, databaseEnabled=false, handlesAlerts=true, hasTouchScreen=false, version=67.0.3396.79, platform=XP, browserConnectionEnabled=false, nativeEvents=true, acceptSslCerts=false, acceptInsecureCerts=false, locationContextEnabled=true, webStorageEnabled=true, browserName=chrome, takesScreenshot=true, javascriptEnabled=true, cssSelectorsEnabled=true, setWindowRect=true, unexpectedAlertBehaviour=}]
Session ID: 028557d9446e390d273f36f64ab843e5
*** Element info: {Using=css selector, value=#onesignal-popover-cancel-button}
at sun.reflect.NativeConstructorAccessorImpl.newInstance0(Native Method)
at sun.reflect.NativeConstructorAccessorImpl.newInstance(Unknown Source)
at sun.reflect.DelegatingConstructorAccessorImpl.newInstance(Unknown Source)
at java.lang.reflect.Constructor.newInstance(Unknown Source)
at org.openqa.selenium.remote.ErrorHandler.createThrowable(ErrorHandler.java:216)
at org.openqa.selenium.remote.ErrorHandler.throwIfResponseFailed(ErrorHandler.java:168)
at org.openqa.selenium.remote.RemoteWebDriver.execute(RemoteWebDriver.java:638)
at org.openqa.selenium.remote.RemoteWebDriver.findElement(RemoteWebDriver.java:371)
at org.openqa.selenium.remote.RemoteWebDriver.findElementByCssSelector(RemoteWebDriver.java:468)
at org.openqa.selenium.By$ByCssSelector.findElement(By.java:430)
at org.openqa.selenium.remote.RemoteWebDriver.findElement(RemoteWebDriver.java:363)
at test_automation_login.org.CognizantQA.MErun.Registration_flow_production.verifypopupclose(Registration_flow_production.java:56)
at sun.reflect.NativeMethodAccessorImpl.invoke0(Native Method)
at sun.reflect.NativeMethodAccessorImpl.invoke(Unknown Source)
at sun.reflect.DelegatingMethodAccessorImpl.invoke(Unknown Source)
at java.lang.reflect.Method.invoke(Unknown Source)
at org.testng.internal.MethodInvocationHelper.invokeMethod(MethodInvocationHelper.java:124)
at org.testng.internal.Invoker.invokeMethod(Invoker.java:580)
at org.testng.internal.Invoker.invokeTestMethod(Invoker.java:716)
at org.testng.internal.Invoker.invokeTestMethods(Invoker.java:988)
at org.testng.internal.TestMethodWorker.invokeTestMethods(TestMethodWorker.java:125)
at org.testng.internal.TestMethodWorker.run(TestMethodWorker.java:109)
at org.testng.TestRunner.privateRun(TestRunner.java:648)
at org.testng.TestRunner.run(TestRunner.java:505)
at org.testng.SuiteRunner.runTest(SuiteRunner.java:455)
at org.testng.SuiteRunner.runSequentially(SuiteRunner.java:450)
at org.testng.SuiteRunner.privateRun(SuiteRunner.java:415)
at org.testng.SuiteRunner.run(SuiteRunner.java:364)
at org.testng.SuiteRunnerWorker.runSuite(SuiteRunnerWorker.java:52)
at org.testng.SuiteRunnerWorker.run(SuiteRunnerWorker.java:84)
at org.testng.TestNG.runSuitesSequentially(TestNG.java:1208)
at org.testng.TestNG.runSuitesLocally(TestNG.java:1137)
at org.testng.TestNG.runSuites(TestNG.java:1049)
at org.testng.TestNG.run(TestNG.java:1017)
at org.testng.remote.AbstractRemoteTestNG.run(AbstractRemoteTestNG.java:114)
at org.testng.remote.RemoteTestNG.initAndRun(RemoteTestNG.java:251)
at org.testng.remote.RemoteTestNG.main(RemoteTestNG.java:77)
]]>
    </error>
  </testcase> <!-- verifypopupclose -->
  <testcase name="verify_active_registerbttn" time="0.000" classname="test_automation_login.org.CognizantQA.MErun.Registration_flow_production">
    <skipped/>
  </testcase> <!-- verify_active_registerbttn -->
  <testcase name="verifyregistrationsuccess" time="0.000" classname="test_automation_login.org.CognizantQA.MErun.Registration_flow_production">
    <skipped/>
  </testcase> <!-- verifyregistrationsuccess -->
  <testcase name="verifypass" time="0.000" classname="test_automation_login.org.CognizantQA.MErun.Registration_flow_production">
    <skipped/>
  </testcase> <!-- verifypass -->
  <testcase name="verifylogout" time="0.000" classname="test_automation_login.org.CognizantQA.MErun.Registration_flow_production">
    <skipped/>
  </testcase> <!-- verifylogout -->
  <testcase name="verifyAccountregistbttn" time="0.000" classname="test_automation_login.org.CognizantQA.MErun.Registration_flow_production">
    <skipped/>
  </testcase> <!-- verifyAccountregistbttn -->
  <testcase name="verify_inactive_registerbttn" time="0.000" classname="test_automation_login.org.CognizantQA.MErun.Registration_flow_production">
    <skipped/>
  </testcase> <!-- verify_inactive_registerbttn -->
  <testcase name="verifylname" time="0.000" classname="test_automation_login.org.CognizantQA.MErun.Registration_flow_production">
    <skipped/>
  </testcase> <!-- verifylname -->
  <testcase name="verify_reg_invalid_emailid" time="0.000" classname="test_automation_login.org.CognizantQA.MErun.Registration_flow_production">
    <skipped/>
  </testcase> <!-- verify_reg_invalid_emailid -->
  <testcase name="verifyAccountsignin" time="0.000" classname="test_automation_login.org.CognizantQA.MErun.Registration_flow_production">
    <skipped/>
  </testcase> <!-- verifyAccountsignin -->
  <testcase name="verify_reg_invalid_psswrd" time="0.000" classname="test_automation_login.org.CognizantQA.MErun.Registration_flow_production">
    <skipped/>
  </testcase> <!-- verify_reg_invalid_psswrd -->
  <testcase name="verifyemail" time="0.000" classname="test_automation_login.org.CognizantQA.MErun.Registration_flow_production">
    <skipped/>
  </testcase> <!-- verifyemail -->
  <testcase name="verifypre_existing_reg_cred" time="0.000" classname="test_automation_login.org.CognizantQA.MErun.Registration_flow_production">
    <skipped/>
  </testcase> <!-- verifypre_existing_reg_cred -->
  <testcase name="verifyfname" time="0.000" classname="test_automation_login.org.CognizantQA.MErun.Registration_flow_production">
    <skipped/>
  </testcase> <!-- verifyfname -->
</testsuite> <!-- test_automation_login.org.CognizantQA.MErun.Registration_flow_production -->
